{"/Users/mcfly/Workspace/pal/pal2-plugin-ts/src/index.ts": {"path":"/Users/mcfly/Workspace/pal/pal2-plugin-ts/src/index.ts","statementMap":{"0":{"start":{"line":1,"column":0},"end":{"line":1,"column":46}},"1":{"start":{"line":2,"column":0},"end":{"line":2,"column":57}},"2":{"start":{"line":3,"column":0},"end":{"line":3,"column":null}},"3":{"start":{"line":8,"column":0},"end":{"line":8,"column":49}},"4":{"start":{"line":10,"column":0},"end":{"line":10,"column":59}},"5":{"start":{"line":42,"column":16},"end":{"line":42,"column":40}},"6":{"start":{"line":18,"column":12},"end":{"line":18,"column":35}},"7":{"start":{"line":46,"column":8},"end":{"line":46,"column":31}},"8":{"start":{"line":47,"column":8},"end":{"line":47,"column":29}},"9":{"start":{"line":23,"column":8},"end":{"line":27,"column":null}},"10":{"start":{"line":24,"column":12},"end":{"line":26,"column":14}},"11":{"start":{"line":28,"column":8},"end":{"line":28,"column":30}},"12":{"start":{"line":32,"column":27},"end":{"line":35,"column":10}},"13":{"start":{"line":36,"column":28},"end":{"line":36,"column":82}},"14":{"start":{"line":37,"column":8},"end":{"line":37,"column":69}},"15":{"start":{"line":38,"column":8},"end":{"line":38,"column":30}},"16":{"start":{"line":51,"column":8},"end":{"line":54,"column":11}},"17":{"start":{"line":55,"column":8},"end":{"line":55,"column":35}},"18":{"start":{"line":59,"column":8},"end":{"line":61,"column":null}},"19":{"start":{"line":60,"column":12},"end":{"line":60,"column":60}},"20":{"start":{"line":62,"column":8},"end":{"line":62,"column":45}},"21":{"start":{"line":66,"column":8},"end":{"line":68,"column":null}},"22":{"start":{"line":67,"column":12},"end":{"line":67,"column":60}},"23":{"start":{"line":69,"column":8},"end":{"line":69,"column":46}},"24":{"start":{"line":80,"column":8},"end":{"line":91,"column":10}},"25":{"start":{"line":87,"column":34},"end":{"line":87,"column":65}},"26":{"start":{"line":88,"column":33},"end":{"line":88,"column":63}},"27":{"start":{"line":89,"column":36},"end":{"line":89,"column":69}},"28":{"start":{"line":12,"column":0},"end":{"line":12,"column":13}}},"fnMap":{"0":{"name":"(anonymous_7)","decl":{"start":{"line":41,"column":4},"end":{"line":41,"column":null}},"loc":{"start":{"line":44,"column":22},"end":{"line":48,"column":5}}},"1":{"name":"(anonymous_8)","decl":{"start":{"line":22,"column":4},"end":{"line":22,"column":10}},"loc":{"start":{"line":22,"column":22},"end":{"line":29,"column":5}}},"2":{"name":"(anonymous_9)","decl":{"start":{"line":31,"column":4},"end":{"line":31,"column":10}},"loc":{"start":{"line":31,"column":45},"end":{"line":39,"column":5}}},"3":{"name":"(anonymous_10)","decl":{"start":{"line":50,"column":10},"end":{"line":50,"column":20}},"loc":{"start":{"line":50,"column":20},"end":{"line":56,"column":null}}},"4":{"name":"(anonymous_12)","decl":{"start":{"line":58,"column":10},"end":{"line":58,"column":20}},"loc":{"start":{"line":58,"column":20},"end":{"line":63,"column":null}}},"5":{"name":"(anonymous_14)","decl":{"start":{"line":65,"column":10},"end":{"line":65,"column":22}},"loc":{"start":{"line":65,"column":22},"end":{"line":70,"column":null}}},"6":{"name":"(anonymous_16)","decl":{"start":{"line":79,"column":10},"end":{"line":79,"column":26}},"loc":{"start":{"line":79,"column":39},"end":{"line":92,"column":null}}},"7":{"name":"(anonymous_18)","decl":{"start":{"line":87,"column":26},"end":{"line":87,"column":29}},"loc":{"start":{"line":87,"column":31},"end":{"line":87,"column":67}}},"8":{"name":"(anonymous_19)","decl":{"start":{"line":88,"column":25},"end":{"line":88,"column":28}},"loc":{"start":{"line":88,"column":30},"end":{"line":88,"column":65}}},"9":{"name":"(anonymous_20)","decl":{"start":{"line":89,"column":28},"end":{"line":89,"column":31}},"loc":{"start":{"line":89,"column":33},"end":{"line":89,"column":71}}}},"branchMap":{"0":{"loc":{"start":{"line":23,"column":8},"end":{"line":27,"column":null}},"type":"if","locations":[{"start":{"line":23,"column":8},"end":{"line":27,"column":null}}]},"1":{"loc":{"start":{"line":53,"column":22},"end":{"line":53,"column":64}},"type":"cond-expr","locations":[{"start":{"line":53,"column":43},"end":{"line":53,"column":47}},{"start":{"line":53,"column":47},"end":{"line":53,"column":64}}]},"2":{"loc":{"start":{"line":53,"column":22},"end":{"line":53,"column":47}},"type":"binary-expr","locations":[{"start":{"line":53,"column":22},"end":{"line":53,"column":47}},{"start":{"line":53,"column":43},"end":{"line":53,"column":47}}]},"3":{"loc":{"start":{"line":59,"column":8},"end":{"line":61,"column":null}},"type":"if","locations":[{"start":{"line":59,"column":8},"end":{"line":61,"column":null}}]},"4":{"loc":{"start":{"line":66,"column":8},"end":{"line":68,"column":null}},"type":"if","locations":[{"start":{"line":66,"column":8},"end":{"line":68,"column":null}}]}},"s":{"0":2,"1":2,"2":2,"3":2,"4":2,"5":4,"6":4,"7":4,"8":4,"9":0,"10":0,"11":0,"12":0,"13":0,"14":0,"15":0,"16":4,"17":4,"18":1,"19":1,"20":0,"21":1,"22":0,"23":1,"24":1,"25":0,"26":0,"27":0,"28":2},"f":{"0":4,"1":0,"2":0,"3":4,"4":1,"5":1,"6":1,"7":0,"8":0,"9":0},"b":{"0":[0],"1":[4,0],"2":[4,4],"3":[1],"4":[0]}}
,"/Users/mcfly/Workspace/pal/pal2-plugin-ts/src/api/httpclient.ts": {"path":"/Users/mcfly/Workspace/pal/pal2-plugin-ts/src/api/httpclient.ts","statementMap":{"0":{"start":{"line":1,"column":0},"end":{"line":1,"column":51}},"1":{"start":{"line":12,"column":8},"end":{"line":12,"column":31}},"2":{"start":{"line":13,"column":8},"end":{"line":13,"column":29}},"3":{"start":{"line":14,"column":8},"end":{"line":17,"column":10}},"4":{"start":{"line":18,"column":22},"end":{"line":23,"column":10}},"5":{"start":{"line":24,"column":8},"end":{"line":24,"column":56}},"6":{"start":{"line":28,"column":8},"end":{"line":28,"column":51}},"7":{"start":{"line":33,"column":8},"end":{"line":44,"column":15}},"8":{"start":{"line":36,"column":16},"end":{"line":42,"column":null}},"9":{"start":{"line":37,"column":20},"end":{"line":41,"column":23}},"10":{"start":{"line":43,"column":16},"end":{"line":43,"column":34}},"11":{"start":{"line":49,"column":8},"end":{"line":49,"column":51}},"12":{"start":{"line":3,"column":0},"end":{"line":3,"column":13}}},"fnMap":{"0":{"name":"(anonymous_0)","decl":{"start":{"line":11,"column":4},"end":{"line":11,"column":16}},"loc":{"start":{"line":11,"column":72},"end":{"line":25,"column":5}}},"1":{"name":"(anonymous_1)","decl":{"start":{"line":27,"column":11},"end":{"line":27,"column":14}},"loc":{"start":{"line":27,"column":32},"end":{"line":30,"column":5}}},"2":{"name":"(anonymous_2)","decl":{"start":{"line":32,"column":11},"end":{"line":32,"column":15}},"loc":{"start":{"line":32,"column":48},"end":{"line":46,"column":5}}},"3":{"name":"(anonymous_3)","decl":{"start":{"line":35,"column":18},"end":{"line":35,"column":21}},"loc":{"start":{"line":35,"column":24},"end":{"line":44,"column":13}}},"4":{"name":"(anonymous_4)","decl":{"start":{"line":48,"column":11},"end":{"line":48,"column":14}},"loc":{"start":{"line":48,"column":47},"end":{"line":51,"column":5}}}},"branchMap":{"0":{"loc":{"start":{"line":36,"column":16},"end":{"line":42,"column":null}},"type":"if","locations":[{"start":{"line":36,"column":16},"end":{"line":42,"column":null}}]}},"s":{"0":2,"1":4,"2":4,"3":4,"4":4,"5":4,"6":0,"7":0,"8":0,"9":0,"10":0,"11":0,"12":2},"f":{"0":4,"1":0,"2":0,"3":0,"4":0},"b":{"0":[0]}}
,"/Users/mcfly/Workspace/pal/pal2-plugin-ts/src/api/localstorage.ts": {"path":"/Users/mcfly/Workspace/pal/pal2-plugin-ts/src/api/localstorage.ts","statementMap":{"0":{"start":{"line":3,"column":19},"end":{"line":3,"column":31}},"1":{"start":{"line":6,"column":10},"end":{"line":6,"column":45}},"2":{"start":{"line":10,"column":6},"end":{"line":10,"column":76}},"3":{"start":{"line":11,"column":4},"end":{"line":13,"column":null}},"4":{"start":{"line":12,"column":6},"end":{"line":12,"column":46}},"5":{"start":{"line":21,"column":4},"end":{"line":21,"column":26}},"6":{"start":{"line":29,"column":4},"end":{"line":29,"column":25}},"7":{"start":{"line":39,"column":4},"end":{"line":39,"column":36}},"8":{"start":{"line":41,"column":4},"end":{"line":47,"column":null}},"9":{"start":{"line":42,"column":22},"end":{"line":42,"column":62}},"10":{"start":{"line":43,"column":6},"end":{"line":43,"column":59}},"11":{"start":{"line":45,"column":6},"end":{"line":45,"column":44}},"12":{"start":{"line":46,"column":6},"end":{"line":46,"column":42}},"13":{"start":{"line":54,"column":4},"end":{"line":54,"column":25}},"14":{"start":{"line":55,"column":4},"end":{"line":55,"column":27}},"15":{"start":{"line":56,"column":4},"end":{"line":56,"column":25}},"16":{"start":{"line":5,"column":0},"end":{"line":5,"column":13}}},"fnMap":{"0":{"name":"(anonymous_0)","decl":{"start":{"line":8,"column":2},"end":{"line":8,"column":null}},"loc":{"start":{"line":8,"column":2},"end":{"line":14,"column":3}}},"1":{"name":"(anonymous_1)","decl":{"start":{"line":20,"column":2},"end":{"line":20,"column":12}},"loc":{"start":{"line":20,"column":12},"end":{"line":22,"column":3}}},"2":{"name":"(anonymous_2)","decl":{"start":{"line":28,"column":2},"end":{"line":28,"column":6}},"loc":{"start":{"line":28,"column":13},"end":{"line":30,"column":3}}},"3":{"name":"(anonymous_3)","decl":{"start":{"line":38,"column":2},"end":{"line":38,"column":12}},"loc":{"start":{"line":38,"column":53},"end":{"line":48,"column":3}}},"4":{"name":"(anonymous_4)","decl":{"start":{"line":53,"column":2},"end":{"line":53,"column":7}},"loc":{"start":{"line":53,"column":7},"end":{"line":57,"column":3}}}},"branchMap":{"0":{"loc":{"start":{"line":10,"column":6},"end":{"line":10,"column":76}},"type":"binary-expr","locations":[{"start":{"line":10,"column":6},"end":{"line":10,"column":40}},{"start":{"line":10,"column":44},"end":{"line":10,"column":76}}]},"1":{"loc":{"start":{"line":11,"column":4},"end":{"line":13,"column":null}},"type":"if","locations":[{"start":{"line":11,"column":4},"end":{"line":13,"column":null}}]},"2":{"loc":{"start":{"line":39,"column":20},"end":{"line":39,"column":35}},"type":"binary-expr","locations":[{"start":{"line":39,"column":20},"end":{"line":39,"column":27}},{"start":{"line":39,"column":31},"end":{"line":39,"column":35}}]},"3":{"loc":{"start":{"line":41,"column":4},"end":{"line":47,"column":null}},"type":"if","locations":[{"start":{"line":41,"column":4},"end":{"line":47,"column":null}},{"start":{"line":44,"column":11},"end":{"line":47,"column":null}}]},"4":{"loc":{"start":{"line":42,"column":22},"end":{"line":42,"column":62}},"type":"cond-expr","locations":[{"start":{"line":42,"column":33},"end":{"line":42,"column":45}},{"start":{"line":42,"column":48},"end":{"line":42,"column":62}}]}},"s":{"0":2,"1":4,"2":4,"3":4,"4":1,"5":0,"6":2,"7":4,"8":4,"9":3,"10":3,"11":1,"12":1,"13":1,"14":1,"15":1,"16":2},"f":{"0":4,"1":0,"2":2,"3":4,"4":1},"b":{"0":[4,3],"1":[1],"2":[4,1],"3":[3,1],"4":[0,3]}}
,"/Users/mcfly/Workspace/pal/pal2-plugin-ts/src/api/sessions.api.ts": {"path":"/Users/mcfly/Workspace/pal/pal2-plugin-ts/src/api/sessions.api.ts","statementMap":{"0":{"start":{"line":7,"column":12},"end":{"line":7,"column":52}},"1":{"start":{"line":8,"column":12},"end":{"line":8,"column":34}},"2":{"start":{"line":12,"column":21},"end":{"line":15,"column":6}},"3":{"start":{"line":16,"column":4},"end":{"line":16,"column":50}},"4":{"start":{"line":17,"column":4},"end":{"line":17,"column":20}},"5":{"start":{"line":21,"column":4},"end":{"line":21,"column":44}},"6":{"start":{"line":25,"column":4},"end":{"line":25,"column":44}},"7":{"start":{"line":5,"column":0},"end":{"line":5,"column":13}}},"fnMap":{"0":{"name":"(anonymous_7)","decl":{"start":{"line":6,"column":2},"end":{"line":6,"column":null}},"loc":{"start":{"line":8,"column":34},"end":{"line":9,"column":6}}},"1":{"name":"(anonymous_8)","decl":{"start":{"line":11,"column":8},"end":{"line":11,"column":21}},"loc":{"start":{"line":11,"column":48},"end":{"line":18,"column":null}}},"2":{"name":"(anonymous_10)","decl":{"start":{"line":20,"column":8},"end":{"line":20,"column":18}},"loc":{"start":{"line":20,"column":18},"end":{"line":22,"column":null}}},"3":{"name":"(anonymous_12)","decl":{"start":{"line":24,"column":2},"end":{"line":24,"column":14}},"loc":{"start":{"line":24,"column":14},"end":{"line":26,"column":3}}}},"branchMap":{},"s":{"0":4,"1":4,"2":4,"3":4,"4":4,"5":2,"6":1,"7":2},"f":{"0":4,"1":4,"2":2,"3":1},"b":{}}
,"/Users/mcfly/Workspace/pal/pal2-plugin-ts/src/api/models/session.model.ts": {"path":"/Users/mcfly/Workspace/pal/pal2-plugin-ts/src/api/models/session.model.ts","statementMap":{"0":{"start":{"line":3,"column":0},"end":{"line":3,"column":null}},"1":{"start":{"line":4,"column":4},"end":{"line":4,"column":null}},"2":{"start":{"line":5,"column":4},"end":{"line":5,"column":null}},"3":{"start":{"line":6,"column":4},"end":{"line":6,"column":null}}},"fnMap":{"0":{"name":"(anonymous_0)","decl":{"start":{"line":3,"column":0},"end":{"line":3,"column":12}},"loc":{"start":{"line":3,"column":25},"end":{"line":7,"column":1}}}},"branchMap":{"0":{"loc":{"start":{"line":3,"column":12},"end":{"line":3,"column":null}},"type":"binary-expr","locations":[{"start":{"line":3,"column":12},"end":{"line":3,"column":25}},{"start":{"line":3,"column":12},"end":{"line":3,"column":null}}]}},"s":{"0":2,"1":2,"2":2,"3":2},"f":{"0":2},"b":{"0":[2,2]}}
,"/Users/mcfly/Workspace/pal/pal2-plugin-ts/src/sdk/palsdk.ts": {"path":"/Users/mcfly/Workspace/pal/pal2-plugin-ts/src/sdk/palsdk.ts","statementMap":{"0":{"start":{"line":1,"column":0},"end":{"line":1,"column":75}},"1":{"start":{"line":25,"column":25},"end":{"line":25,"column":40}},"2":{"start":{"line":26,"column":28},"end":{"line":26,"column":46}},"3":{"start":{"line":27,"column":25},"end":{"line":27,"column":40}},"4":{"start":{"line":28,"column":29},"end":{"line":28,"column":48}},"5":{"start":{"line":29,"column":26},"end":{"line":29,"column":42}},"6":{"start":{"line":30,"column":25},"end":{"line":30,"column":40}},"7":{"start":{"line":31,"column":27},"end":{"line":31,"column":44}},"8":{"start":{"line":32,"column":23},"end":{"line":32,"column":36}},"9":{"start":{"line":33,"column":8},"end":{"line":39,"column":11}},"10":{"start":{"line":53,"column":31},"end":{"line":67,"column":null}},"11":{"start":{"line":57,"column":16},"end":{"line":59,"column":null}},"12":{"start":{"line":58,"column":20},"end":{"line":58,"column":31}},"13":{"start":{"line":60,"column":16},"end":{"line":66,"column":19}},"14":{"start":{"line":69,"column":8},"end":{"line":69,"column":37}},"15":{"start":{"line":15,"column":0},"end":{"line":15,"column":13}}},"fnMap":{"0":{"name":"(anonymous_7)","decl":{"start":{"line":17,"column":4},"end":{"line":17,"column":20}},"loc":{"start":{"line":17,"column":4},"end":{"line":17,"column":21}}},"1":{"name":"(anonymous_8)","decl":{"start":{"line":24,"column":17},"end":{"line":24,"column":30}},"loc":{"start":{"line":24,"column":58},"end":{"line":40,"column":null}}},"2":{"name":"(anonymous_10)","decl":{"start":{"line":38,"column":35},"end":{"line":38,"column":38}},"loc":{"start":{"line":38,"column":40},"end":{"line":38,"column":44}}},"3":{"name":"(anonymous_11)","decl":{"start":{"line":44,"column":18},"end":{"line":44,"column":36}},"loc":{"start":{"line":51,"column":9},"end":{"line":71,"column":null}}},"4":{"name":"(anonymous_13)","decl":{"start":{"line":56,"column":12},"end":{"line":56,"column":15}},"loc":{"start":{"line":56,"column":17},"end":{"line":67,"column":13}}},"5":{"name":"(anonymous_14)","decl":{"start":{"line":64,"column":38},"end":{"line":64,"column":41}},"loc":{"start":{"line":64,"column":43},"end":{"line":64,"column":47}}},"6":{"name":"(anonymous_15)","decl":{"start":{"line":65,"column":29},"end":{"line":65,"column":32}},"loc":{"start":{"line":65,"column":34},"end":{"line":65,"column":38}}},"7":{"name":"(anonymous_16)","decl":{"start":{"line":73,"column":18},"end":{"line":73,"column":27}},"loc":{"start":{"line":80,"column":9},"end":{"line":83,"column":null}}}},"branchMap":{"0":{"loc":{"start":{"line":38,"column":22},"end":{"line":38,"column":45}},"type":"cond-expr","locations":[{"start":{"line":38,"column":22},"end":{"line":38,"column":30}},{"start":{"line":38,"column":35},"end":{"line":38,"column":44}}]},"1":{"loc":{"start":{"line":38,"column":22},"end":{"line":38,"column":34}},"type":"binary-expr","locations":[{"start":{"line":38,"column":22},"end":{"line":38,"column":34}},{"start":{"line":38,"column":22},"end":{"line":38,"column":34}}]},"2":{"loc":{"start":{"line":57,"column":16},"end":{"line":59,"column":null}},"type":"if","locations":[{"start":{"line":57,"column":16},"end":{"line":59,"column":null}}]}},"s":{"0":2,"1":1,"2":1,"3":1,"4":1,"5":1,"6":1,"7":1,"8":1,"9":1,"10":1,"11":0,"12":0,"13":0,"14":1,"15":2},"f":{"0":4,"1":1,"2":0,"3":1,"4":0,"5":0,"6":0,"7":0},"b":{"0":[1,0],"1":[1,1],"2":[0]}}
,"/Users/mcfly/Workspace/pal/pal2-plugin-ts/src/sdk/components/miniature/video_miniature.ts": {"path":"/Users/mcfly/Workspace/pal/pal2-plugin-ts/src/sdk/components/miniature/video_miniature.ts","statementMap":{"0":{"start":{"line":3,"column":13},"end":{"line":3,"column":59}},"1":{"start":{"line":20,"column":8},"end":{"line":20,"column":33}},"2":{"start":{"line":21,"column":8},"end":{"line":21,"column":29}},"3":{"start":{"line":22,"column":8},"end":{"line":22,"column":27}},"4":{"start":{"line":26,"column":8},"end":{"line":26,"column":52}},"5":{"start":{"line":27,"column":8},"end":{"line":27,"column":null}},"6":{"start":{"line":28,"column":8},"end":{"line":31,"column":11}},"7":{"start":{"line":29,"column":12},"end":{"line":29,"column":25}},"8":{"start":{"line":30,"column":12},"end":{"line":30,"column":33}},"9":{"start":{"line":32,"column":8},"end":{"line":32,"column":42}},"10":{"start":{"line":33,"column":8},"end":{"line":33,"column":44}},"11":{"start":{"line":37,"column":8},"end":{"line":37,"column":35}},"12":{"start":{"line":41,"column":8},"end":{"line":43,"column":null}},"13":{"start":{"line":42,"column":12},"end":{"line":42,"column":19}},"14":{"start":{"line":44,"column":8},"end":{"line":44,"column":43}},"15":{"start":{"line":45,"column":8},"end":{"line":45,"column":27}},"16":{"start":{"line":49,"column":8},"end":{"line":49,"column":56}},"17":{"start":{"line":53,"column":8},"end":{"line":66,"column":10}},"18":{"start":{"line":5,"column":0},"end":{"line":5,"column":13}}},"fnMap":{"0":{"name":"(anonymous_0)","decl":{"start":{"line":15,"column":4},"end":{"line":15,"column":null}},"loc":{"start":{"line":18,"column":23},"end":{"line":23,"column":5}}},"1":{"name":"(anonymous_1)","decl":{"start":{"line":25,"column":4},"end":{"line":25,"column":15}},"loc":{"start":{"line":25,"column":15},"end":{"line":34,"column":5}}},"2":{"name":"(anonymous_2)","decl":{"start":{"line":28,"column":46},"end":{"line":28,"column":49}},"loc":{"start":{"line":28,"column":51},"end":{"line":31,"column":9}}},"3":{"name":"(anonymous_3)","decl":{"start":{"line":36,"column":4},"end":{"line":36,"column":13}},"loc":{"start":{"line":36,"column":13},"end":{"line":38,"column":5}}},"4":{"name":"(anonymous_4)","decl":{"start":{"line":40,"column":4},"end":{"line":40,"column":17}},"loc":{"start":{"line":40,"column":17},"end":{"line":46,"column":5}}},"5":{"name":"(anonymous_5)","decl":{"start":{"line":48,"column":4},"end":{"line":48,"column":16}},"loc":{"start":{"line":48,"column":20},"end":{"line":50,"column":5}}},"6":{"name":"(anonymous_6)","decl":{"start":{"line":52,"column":4},"end":{"line":52,"column":8}},"loc":{"start":{"line":52,"column":12},"end":{"line":67,"column":5}}}},"branchMap":{"0":{"loc":{"start":{"line":33,"column":8},"end":{"line":33,"column":43}},"type":"cond-expr","locations":[{"start":{"line":33,"column":17},"end":{"line":33,"column":19}},{"start":{"line":33,"column":17},"end":{"line":33,"column":43}}]},"1":{"loc":{"start":{"line":33,"column":8},"end":{"line":33,"column":19}},"type":"binary-expr","locations":[{"start":{"line":33,"column":8},"end":{"line":33,"column":19}},{"start":{"line":33,"column":17},"end":{"line":33,"column":19}}]},"2":{"loc":{"start":{"line":41,"column":8},"end":{"line":43,"column":null}},"type":"if","locations":[{"start":{"line":41,"column":8},"end":{"line":43,"column":null}}]}},"s":{"0":3,"1":4,"2":4,"3":4,"4":2,"5":2,"6":2,"7":0,"8":0,"9":2,"10":2,"11":3,"12":1,"13":1,"14":0,"15":0,"16":2,"17":2,"18":3},"f":{"0":4,"1":2,"2":0,"3":3,"4":1,"5":2,"6":2},"b":{"0":[0,2],"1":[2,2],"2":[1]}}
}
