TN:
SF:src/index.ts
FN:41,(anonymous_0)
FN:23,(anonymous_1)
FN:32,(anonymous_2)
FN:45,(anonymous_3)
FN:53,(anonymous_4)
FN:60,(anonymous_5)
FNF:6
FNH:4
FNDA:3,(anonymous_0)
FNDA:0,(anonymous_1)
FNDA:0,(anonymous_2)
FNDA:2,(anonymous_3)
FNDA:1,(anonymous_4)
FNDA:1,(anonymous_5)
DA:1,1
DA:2,1
DA:3,1
DA:8,1
DA:16,1
DA:19,3
DA:24,0
DA:25,0
DA:29,0
DA:33,0
DA:37,0
DA:38,0
DA:41,3
DA:42,3
DA:46,2
DA:50,2
DA:54,1
DA:55,1
DA:57,0
DA:61,1
DA:62,0
DA:64,1
LF:22
LH:14
BRDA:24,0,0,0
BRDA:48,1,0,2
BRDA:48,1,1,0
BRDA:48,2,0,2
BRDA:48,2,1,2
BRDA:54,3,0,1
BRDA:61,4,0,0
BRF:7
BRH:4
end_of_record
TN:
SF:src/api/httpclient.ts
FN:6,(anonymous_0)
FN:15,(anonymous_1)
FN:19,(anonymous_2)
FN:23,(anonymous_3)
FNF:4
FNH:1
FNDA:3,(anonymous_0)
FNDA:0,(anonymous_1)
FNDA:0,(anonymous_2)
FNDA:0,(anonymous_3)
DA:1,1
DA:3,1
DA:7,3
DA:16,0
DA:20,0
DA:24,0
LF:6
LH:3
BRF:0
BRH:0
end_of_record
TN:
SF:src/api/localstorage.ts
FN:9,(anonymous_0)
FN:21,(anonymous_1)
FN:29,(anonymous_2)
FN:39,(anonymous_3)
FN:54,(anonymous_4)
FNF:5
FNH:4
FNDA:3,(anonymous_0)
FNDA:0,(anonymous_1)
FNDA:2,(anonymous_2)
FNDA:2,(anonymous_3)
FNDA:1,(anonymous_4)
DA:3,1
DA:5,1
DA:7,3
DA:11,3
DA:12,3
DA:13,1
DA:22,0
DA:30,2
DA:40,2
DA:42,2
DA:43,2
DA:44,2
DA:46,0
DA:47,0
DA:55,1
DA:56,1
DA:57,1
LF:17
LH:14
BRDA:11,0,0,3
BRDA:11,0,1,2
BRDA:12,1,0,1
BRDA:40,2,0,2
BRDA:40,2,1,0
BRDA:42,3,0,2
BRDA:42,3,1,0
BRDA:43,4,0,0
BRDA:43,4,1,2
BRF:9
BRH:6
end_of_record
TN:
SF:src/api/sessions.api.ts
FN:7,(anonymous_0)
FN:12,(anonymous_1)
FN:21,(anonymous_2)
FN:25,(anonymous_3)
FNF:4
FNH:4
FNDA:3,(anonymous_0)
FNDA:2,(anonymous_1)
FNDA:2,(anonymous_2)
FNDA:1,(anonymous_3)
DA:5,1
DA:8,3
DA:9,3
DA:13,2
DA:17,2
DA:18,2
DA:22,2
DA:26,1
LF:8
LH:8
BRF:0
BRH:0
end_of_record
TN:
SF:src/api/models/session.model.ts
FN:3,(anonymous_0)
FNF:1
FNH:1
FNDA:1,(anonymous_0)
DA:3,1
DA:4,1
DA:5,1
DA:6,1
LF:4
LH:4
BRDA:3,0,0,1
BRDA:3,0,1,1
BRF:2
BRH:2
end_of_record
